{"level":"info","message":"Listen on port 3000","timestamp":"2018-12-04T03:51:16.083Z"}
{"level":"info","message":"Connected to mongodb://localhost/carogame","timestamp":"2018-12-04T03:51:17.217Z"}
{"level":"info","message":"Listen on port 3000","timestamp":"2018-12-04T03:52:20.237Z"}
{"level":"info","message":"Connected to mongodb://localhost/carogame","timestamp":"2018-12-04T03:52:21.276Z"}
{"level":"info","message":"Listen on port 3000","timestamp":"2018-12-04T03:55:06.318Z"}
{"level":"info","message":"Connected to mongodb://localhost/carogame","timestamp":"2018-12-04T03:55:07.358Z"}
{"level":"info","message":"Listen on port 3000","timestamp":"2018-12-04T03:55:50.735Z"}
{"level":"info","message":"Connected to mongodb://localhost/carogame","timestamp":"2018-12-04T03:55:51.769Z"}
{"level":"info","message":"Listen on port 3000","timestamp":"2018-12-04T03:57:06.238Z"}
{"level":"info","message":"Listen on port 3000","timestamp":"2018-12-04T03:58:36.511Z"}
{"level":"info","message":"Listen on port 3000","timestamp":"2018-12-04T04:01:28.050Z"}
{"level":"info","message":"Listen on port 3000","timestamp":"2018-12-04T04:02:28.454Z"}
{"level":"info","message":"Listen on port 3000","timestamp":"2018-12-04T04:04:17.162Z"}
{"level":"info","message":"Connected to mongodb://localhost/carogame...","timestamp":"2018-12-04T04:04:18.202Z"}
{"level":"info","message":"Listen on port 3000","timestamp":"2018-12-04T04:06:53.751Z"}
{"level":"info","message":"Connected to mongodb://localhost/carogame...","timestamp":"2018-12-04T04:06:54.802Z"}
{"level":"info","message":"Listen on port 3000","timestamp":"2018-12-04T04:12:49.432Z"}
{"level":"info","message":"Connected to mongodb://localhost/carogame...","timestamp":"2018-12-04T04:12:50.484Z"}
{"level":"info","message":"Listen on port 3000","timestamp":"2018-12-04T04:17:45.062Z"}
{"level":"info","message":"Connected to mongodb://localhost/carogame...","timestamp":"2018-12-04T04:17:46.115Z"}
{"level":"info","message":"Listen on port 3000","timestamp":"2018-12-04T04:18:26.079Z"}
{"level":"info","message":"Connected to mongodb://localhost/carogame...","timestamp":"2018-12-04T04:18:27.147Z"}
{"level":"info","message":"Listen on port 3000","timestamp":"2018-12-04T04:18:45.484Z"}
{"level":"info","message":"Connected to mongodb://localhost/carogame...","timestamp":"2018-12-04T04:18:46.528Z"}
{"level":"info","message":"Listen on port 3000","timestamp":"2018-12-04T04:19:13.879Z"}
{"level":"info","message":"Connected to mongodb://localhost/carogame...","timestamp":"2018-12-04T04:19:14.930Z"}
{"level":"info","message":"Listen on port 3000","timestamp":"2018-12-04T04:21:00.344Z"}
{"level":"info","message":"Connected to mongodb://localhost/carogame...","timestamp":"2018-12-04T04:21:01.387Z"}
{"level":"info","message":"Listen on port 3000","timestamp":"2018-12-04T04:21:34.469Z"}
{"level":"info","message":"Connected to mongodb://localhost/carogame...","timestamp":"2018-12-04T04:21:35.495Z"}
{"level":"info","message":"Listen on port 3000","timestamp":"2018-12-04T04:21:38.447Z"}
{"level":"info","message":"Connected to mongodb://localhost/carogame...","timestamp":"2018-12-04T04:21:39.488Z"}
{"level":"info","message":"Listen on port 3000","timestamp":"2018-12-04T04:22:57.175Z"}
{"level":"info","message":"Connected to mongodb://localhost/carogame...","timestamp":"2018-12-04T04:22:58.212Z"}
{"level":"info","message":"Listen on port 3000","timestamp":"2018-12-04T04:23:13.410Z"}
{"level":"info","message":"Connected to mongodb://localhost/carogame...","timestamp":"2018-12-04T04:23:14.431Z"}
{"level":"info","message":"Listen on port 3000","timestamp":"2018-12-04T04:25:03.856Z"}
{"level":"info","message":"Connected to mongodb://localhost/carogame...","timestamp":"2018-12-04T04:25:04.900Z"}
{"level":"info","message":"Listen on port 3000","timestamp":"2018-12-04T04:25:26.277Z"}
{"level":"info","message":"Connected to mongodb://localhost/carogame...","timestamp":"2018-12-04T04:25:27.325Z"}
{"level":"info","message":"Listen on port 3000","timestamp":"2018-12-04T04:26:05.458Z"}
{"level":"info","message":"Connected to mongodb://localhost/carogame...","timestamp":"2018-12-04T04:26:06.507Z"}
{"level":"info","message":"Listen on port 3000","timestamp":"2018-12-04T04:31:18.996Z"}
{"level":"info","message":"Connected to mongodb://localhost/carogame...","timestamp":"2018-12-04T04:31:20.043Z"}
{"level":"info","message":"Listen on port 3000","timestamp":"2018-12-04T04:33:00.662Z"}
{"level":"info","message":"Connected to mongodb://localhost/carogame...","timestamp":"2018-12-04T04:33:01.713Z"}
{"level":"info","message":"Listen on port 3000","timestamp":"2018-12-04T04:37:01.370Z"}
{"level":"info","message":"Connected to mongodb://localhost/carogame...","timestamp":"2018-12-04T04:37:02.420Z"}
{"level":"info","message":"Listen on port 3000","timestamp":"2018-12-04T04:42:17.056Z"}
{"level":"info","message":"Connected to mongodb://localhost/carogame...","timestamp":"2018-12-04T04:42:18.105Z"}
{"level":"info","message":"Listen on port 3000","timestamp":"2018-12-04T04:47:52.733Z"}
{"level":"info","message":"Connected to mongodb://localhost/carogame...","timestamp":"2018-12-04T04:47:53.782Z"}
{"level":"info","message":"Listen on port 3000","timestamp":"2018-12-04T05:40:49.240Z"}
{"level":"info","message":"Connected to mongodb://localhost/carogame...","timestamp":"2018-12-04T05:40:50.279Z"}
{"level":"info","message":"Listen on port 3000","timestamp":"2018-12-04T07:39:32.477Z"}
{"level":"info","message":"Connected to mongodb://localhost/carogame...","timestamp":"2018-12-04T07:39:33.525Z"}
{"level":"info","message":"Listen on port 3000","timestamp":"2018-12-04T07:41:27.286Z"}
{"level":"info","message":"Connected to mongodb://localhost/carogame...","timestamp":"2018-12-04T07:41:28.333Z"}
{"level":"info","message":"Listen on port 3000","timestamp":"2018-12-04T07:41:58.650Z"}
{"level":"info","message":"Connected to mongodb://localhost/carogame...","timestamp":"2018-12-04T07:41:59.735Z"}
{"level":"info","message":"Listen on port 3000","timestamp":"2018-12-04T07:42:49.628Z"}
{"level":"info","message":"Connected to mongodb://localhost/carogame...","timestamp":"2018-12-04T07:42:50.698Z"}
{"level":"info","message":"Listen on port 3000","timestamp":"2018-12-04T07:47:58.740Z"}
{"level":"info","message":"Connected to mongodb://localhost/carogame...","timestamp":"2018-12-04T07:47:59.802Z"}
{"level":"info","message":"Listen on port 3000","timestamp":"2018-12-04T08:04:36.954Z"}
{"level":"info","message":"Connected to mongodb://localhost/carogame...","timestamp":"2018-12-04T08:04:37.999Z"}
{"level":"info","message":"Listen on port 3000","timestamp":"2018-12-04T08:07:04.192Z"}
{"level":"info","message":"Connected to mongodb://localhost/carogame...","timestamp":"2018-12-04T08:07:05.258Z"}
{"level":"info","message":"Listen on port 3000","timestamp":"2018-12-04T08:09:42.742Z"}
{"level":"info","message":"Connected to mongodb://localhost/carogame...","timestamp":"2018-12-04T08:09:43.784Z"}
{"level":"info","message":"Listen on port 3000","timestamp":"2018-12-04T08:10:11.998Z"}
{"level":"info","message":"Connected to mongodb://localhost/carogame...","timestamp":"2018-12-04T08:10:13.040Z"}
{"level":"info","message":"Listen on port 3000","timestamp":"2018-12-04T08:10:26.145Z"}
{"level":"info","message":"Connected to mongodb://localhost/carogame...","timestamp":"2018-12-04T08:10:27.183Z"}
{"level":"info","message":"Listen on port 3000","timestamp":"2018-12-04T08:13:20.004Z"}
{"level":"info","message":"Connected to mongodb://localhost/carogame...","timestamp":"2018-12-04T08:13:21.062Z"}
{"level":"info","message":"Listen on port 3000","timestamp":"2018-12-04T08:15:25.261Z"}
{"level":"info","message":"Connected to mongodb://localhost/carogame...","timestamp":"2018-12-04T08:15:26.306Z"}
{"level":"info","message":"Listen on port 3000","timestamp":"2018-12-04T08:16:07.576Z"}
{"level":"info","message":"Connected to mongodb://localhost/carogame...","timestamp":"2018-12-04T08:16:08.643Z"}
{"level":"info","message":"Listen on port 3000","timestamp":"2018-12-04T08:19:03.235Z"}
{"level":"info","message":"Connected to mongodb://localhost/carogame...","timestamp":"2018-12-04T08:19:04.300Z"}
{"level":"info","message":"Listen on port 3000","timestamp":"2018-12-04T09:37:42.812Z"}
{"level":"info","message":"Listen on port 3000","timestamp":"2018-12-04T09:37:43.932Z"}
{"level":"info","message":"Listen on port 3000","timestamp":"2018-12-05T08:51:34.055Z"}
{"level":"info","message":"Listen on port 3000","timestamp":"2018-12-05T08:51:52.782Z"}
{"level":"info","message":"Listen on port 3000","timestamp":"2018-12-05T08:52:17.924Z"}
{"level":"info","message":"Listen on port 3000","timestamp":"2018-12-05T08:52:35.535Z"}
{"level":"info","message":"Listen on port 3000","timestamp":"2018-12-05T08:54:31.622Z"}
{"level":"info","message":"Listen on port 3000","timestamp":"2018-12-05T08:54:35.718Z"}
{"level":"info","message":"Listen on port 3000","timestamp":"2018-12-05T08:54:48.069Z"}
{"level":"info","message":"Connected to mongodb://localhost/carogame...","timestamp":"2018-12-05T08:54:49.136Z"}
{"level":"info","message":"Listen on port 3000","timestamp":"2018-12-05T08:59:11.949Z"}
{"level":"info","message":"Connected to mongodb://localhost/carogame...","timestamp":"2018-12-05T08:59:13.020Z"}
{"level":"info","message":"Listen on port 3000","timestamp":"2018-12-05T09:00:58.348Z"}
{"level":"info","message":"Connected to mongodb://localhost/carogame...","timestamp":"2018-12-05T09:00:59.395Z"}
{"level":"info","message":"Listen on port 3000","timestamp":"2018-12-05T09:01:44.169Z"}
{"level":"info","message":"Connected to mongodb://localhost/carogame...","timestamp":"2018-12-05T09:01:45.224Z"}
{"message":"_pick is not defined","stack":"ReferenceError: _pick is not defined\n    at router.post (E:\\Code\\My_Project\\Pet Project\\Caro-Web-Game\\Back-end\\routes\\users.js:21:3)\n    at <anonymous>","level":"error","timestamp":"2018-12-05T09:01:45.306Z"}
{"level":"info","message":"Listen on port 3000","timestamp":"2018-12-05T09:02:01.831Z"}
{"level":"info","message":"Connected to mongodb://localhost/carogame...","timestamp":"2018-12-05T09:02:02.899Z"}
{"level":"info","message":"Listen on port 3000","timestamp":"2018-12-05T09:02:39.877Z"}
{"level":"info","message":"Connected to mongodb://localhost/carogame...","timestamp":"2018-12-05T09:02:40.928Z"}
{"level":"info","message":"Listen on port 3000","timestamp":"2018-12-05T09:03:16.375Z"}
{"level":"info","message":"Connected to mongodb://localhost/carogame...","timestamp":"2018-12-05T09:03:17.448Z"}
{"message":"Joi.email is not a function","stack":"TypeError: Joi.email is not a function\n    at validateUser (E:\\Code\\My_Project\\Pet Project\\Caro-Web-Game\\Back-end\\models\\user.js:79:16)\n    at router.post (E:\\Code\\My_Project\\Pet Project\\Caro-Web-Game\\Back-end\\routes\\users.js:14:21)\n    at newFn (E:\\Code\\My_Project\\Pet Project\\Caro-Web-Game\\Back-end\\node_modules\\express-async-errors\\index.js:16:20)\n    at Layer.handle [as handle_request] (E:\\Code\\My_Project\\Pet Project\\Caro-Web-Game\\Back-end\\node_modules\\express\\lib\\router\\layer.js:95:5)\n    at next (E:\\Code\\My_Project\\Pet Project\\Caro-Web-Game\\Back-end\\node_modules\\express\\lib\\router\\route.js:137:13)\n    at Route.dispatch (E:\\Code\\My_Project\\Pet Project\\Caro-Web-Game\\Back-end\\node_modules\\express\\lib\\router\\route.js:112:3)\n    at newFn (E:\\Code\\My_Project\\Pet Project\\Caro-Web-Game\\Back-end\\node_modules\\express-async-errors\\index.js:16:20)\n    at Layer.handle [as handle_request] (E:\\Code\\My_Project\\Pet Project\\Caro-Web-Game\\Back-end\\node_modules\\express\\lib\\router\\layer.js:95:5)\n    at E:\\Code\\My_Project\\Pet Project\\Caro-Web-Game\\Back-end\\node_modules\\express\\lib\\router\\index.js:281:22\n    at Function.process_params (E:\\Code\\My_Project\\Pet Project\\Caro-Web-Game\\Back-end\\node_modules\\express\\lib\\router\\index.js:335:12)\n    at next (E:\\Code\\My_Project\\Pet Project\\Caro-Web-Game\\Back-end\\node_modules\\express\\lib\\router\\index.js:275:10)\n    at Function.handle (E:\\Code\\My_Project\\Pet Project\\Caro-Web-Game\\Back-end\\node_modules\\express\\lib\\router\\index.js:174:3)\n    at router (E:\\Code\\My_Project\\Pet Project\\Caro-Web-Game\\Back-end\\node_modules\\express\\lib\\router\\index.js:47:12)\n    at newFn (E:\\Code\\My_Project\\Pet Project\\Caro-Web-Game\\Back-end\\node_modules\\express-async-errors\\index.js:16:20)\n    at Layer.handle [as handle_request] (E:\\Code\\My_Project\\Pet Project\\Caro-Web-Game\\Back-end\\node_modules\\express\\lib\\router\\layer.js:95:5)\n    at trim_prefix (E:\\Code\\My_Project\\Pet Project\\Caro-Web-Game\\Back-end\\node_modules\\express\\lib\\router\\index.js:317:13)","level":"error","timestamp":"2018-12-05T09:03:17.965Z"}
{"level":"info","message":"Listen on port 3000","timestamp":"2018-12-05T09:03:31.915Z"}
{"level":"info","message":"Connected to mongodb://localhost/carogame...","timestamp":"2018-12-05T09:03:32.964Z"}
{"level":"info","message":"Listen on port 3000","timestamp":"2018-12-05T09:07:17.108Z"}
{"level":"info","message":"Connected to mongodb://localhost/carogame...","timestamp":"2018-12-05T09:07:18.163Z"}
{"level":"info","message":"Listen on port 3000","timestamp":"2018-12-05T09:08:28.957Z"}
{"level":"info","message":"Connected to mongodb://localhost/carogame...","timestamp":"2018-12-05T09:08:30.027Z"}
{"level":"info","message":"Listen on port 3000","timestamp":"2018-12-05T09:08:38.785Z"}
{"level":"info","message":"Connected to mongodb://localhost/carogame...","timestamp":"2018-12-05T09:08:39.837Z"}
{"level":"info","message":"Listen on port 3000","timestamp":"2018-12-05T09:09:36.588Z"}
{"level":"info","message":"Connected to mongodb://localhost/carogame...","timestamp":"2018-12-05T09:09:37.639Z"}
{"level":"info","message":"Listen on port 3000","timestamp":"2018-12-05T09:10:18.259Z"}
{"level":"info","message":"Connected to mongodb://localhost/carogame...","timestamp":"2018-12-05T09:10:19.308Z"}
{"level":"info","message":"Listen on port 3000","timestamp":"2018-12-05T09:14:16.316Z"}
{"level":"info","message":"Connected to mongodb://localhost/carogame...","timestamp":"2018-12-05T09:14:17.363Z"}
{"message":"User validation failed: userStats: Path `userStats` is required.","errors":{"userStats":{"message":"Path `userStats` is required.","name":"ValidatorError","properties":{"message":"Path `userStats` is required.","type":"required","path":"userStats"},"kind":"required","path":"userStats"}},"_message":"User validation failed","stack":"ValidationError: User validation failed: userStats: Path `userStats` is required.\n    at new ValidationError (E:\\Code\\My_Project\\Pet Project\\Caro-Web-Game\\Back-end\\node_modules\\mongoose\\lib\\error\\validation.js:30:11)\n    at model.Document.invalidate (E:\\Code\\My_Project\\Pet Project\\Caro-Web-Game\\Back-end\\node_modules\\mongoose\\lib\\document.js:2057:32)\n    at p.doValidate.skipSchemaValidators (E:\\Code\\My_Project\\Pet Project\\Caro-Web-Game\\Back-end\\node_modules\\mongoose\\lib\\document.js:1920:17)\n    at E:\\Code\\My_Project\\Pet Project\\Caro-Web-Game\\Back-end\\node_modules\\mongoose\\lib\\schema\\embedded.js:275:14\n    at E:\\Code\\My_Project\\Pet Project\\Caro-Web-Game\\Back-end\\node_modules\\mongoose\\lib\\schematype.js:874:9\n    at _combinedTickCallback (internal/process/next_tick.js:131:7)\n    at process._tickCallback (internal/process/next_tick.js:180:9)","name":"ValidationError","level":"error","timestamp":"2018-12-05T09:14:25.053Z"}
{"message":"User validation failed: userStats: Path `userStats` is required.","errors":{"userStats":{"message":"Path `userStats` is required.","name":"ValidatorError","properties":{"message":"Path `userStats` is required.","type":"required","path":"userStats"},"kind":"required","path":"userStats"}},"_message":"User validation failed","stack":"ValidationError: User validation failed: userStats: Path `userStats` is required.\n    at new ValidationError (E:\\Code\\My_Project\\Pet Project\\Caro-Web-Game\\Back-end\\node_modules\\mongoose\\lib\\error\\validation.js:30:11)\n    at model.Document.invalidate (E:\\Code\\My_Project\\Pet Project\\Caro-Web-Game\\Back-end\\node_modules\\mongoose\\lib\\document.js:2057:32)\n    at p.doValidate.skipSchemaValidators (E:\\Code\\My_Project\\Pet Project\\Caro-Web-Game\\Back-end\\node_modules\\mongoose\\lib\\document.js:1920:17)\n    at E:\\Code\\My_Project\\Pet Project\\Caro-Web-Game\\Back-end\\node_modules\\mongoose\\lib\\schema\\embedded.js:275:14\n    at E:\\Code\\My_Project\\Pet Project\\Caro-Web-Game\\Back-end\\node_modules\\mongoose\\lib\\schematype.js:874:9\n    at _combinedTickCallback (internal/process/next_tick.js:131:7)\n    at process._tickCallback (internal/process/next_tick.js:180:9)","name":"ValidationError","level":"error","timestamp":"2018-12-05T09:14:31.286Z"}
{"level":"info","message":"Listen on port 3000","timestamp":"2018-12-05T09:14:46.331Z"}
{"level":"info","message":"Connected to mongodb://localhost/carogame...","timestamp":"2018-12-05T09:14:47.379Z"}
{"level":"info","message":"Listen on port 3000","timestamp":"2018-12-05T09:21:10.440Z"}
{"level":"info","message":"Connected to mongodb://localhost/carogame...","timestamp":"2018-12-05T09:21:11.515Z"}
{"level":"info","message":"Listen on port 3000","timestamp":"2018-12-05T09:26:08.874Z"}
{"level":"info","message":"Connected to mongodb://localhost/carogame...","timestamp":"2018-12-05T09:26:09.924Z"}
{"level":"info","message":"Listen on port 3000","timestamp":"2018-12-05T09:26:55.551Z"}
{"level":"info","message":"Connected to mongodb://localhost/carogame...","timestamp":"2018-12-05T09:26:56.601Z"}
{"level":"info","message":"Listen on port 3000","timestamp":"2018-12-05T09:38:30.615Z"}
{"level":"info","message":"Connected to mongodb://localhost/carogame...","timestamp":"2018-12-05T09:38:31.679Z"}
{"level":"info","message":"Listen on port 3000","timestamp":"2018-12-06T08:12:16.565Z"}
{"level":"info","message":"Connected to mongodb://localhost/carogame...","timestamp":"2018-12-06T08:12:17.604Z"}
{"level":"info","message":"Listen on port 3000","timestamp":"2018-12-06T08:26:37.842Z"}
{"level":"info","message":"Connected to mongodb://localhost/carogame...","timestamp":"2018-12-06T08:26:38.866Z"}
{"level":"info","message":"Listen on port 3000","timestamp":"2018-12-06T08:27:46.923Z"}
{"level":"info","message":"Connected to mongodb://localhost/carogame...","timestamp":"2018-12-06T08:27:47.951Z"}
{"level":"info","message":"Listen on port 3000","timestamp":"2018-12-06T08:28:33.754Z"}
{"level":"info","message":"Connected to mongodb://localhost/carogame...","timestamp":"2018-12-06T08:28:34.786Z"}
{"level":"info","message":"Listen on port 3000","timestamp":"2018-12-06T08:31:04.075Z"}
{"level":"info","message":"Connected to mongodb://localhost/carogame...","timestamp":"2018-12-06T08:31:05.097Z"}
{"level":"info","message":"Listen on port 3000","timestamp":"2018-12-06T08:31:07.637Z"}
{"level":"info","message":"Connected to mongodb://localhost/carogame...","timestamp":"2018-12-06T08:31:08.662Z"}
{"level":"info","message":"Listen on port 3000","timestamp":"2018-12-06T08:31:13.228Z"}
{"level":"info","message":"Connected to mongodb://localhost/carogame...","timestamp":"2018-12-06T08:31:14.251Z"}
{"level":"info","message":"Listen on port 3000","timestamp":"2018-12-06T08:35:59.195Z"}
{"level":"info","message":"Connected to mongodb://localhost/carogame...","timestamp":"2018-12-06T08:36:00.219Z"}
{"level":"info","message":"Listen on port 3000","timestamp":"2018-12-06T08:46:40.376Z"}
{"level":"info","message":"Connected to mongodb://localhost/carogame...","timestamp":"2018-12-06T08:46:41.406Z"}
{"level":"info","message":"Listen on port 3000","timestamp":"2018-12-06T08:48:12.385Z"}
{"level":"info","message":"Connected to mongodb://localhost/carogame...","timestamp":"2018-12-06T08:48:13.410Z"}
{"level":"info","message":"Listen on port 3000","timestamp":"2018-12-06T08:51:22.612Z"}
{"level":"info","message":"Connected to mongodb://localhost/carogame...","timestamp":"2018-12-06T08:51:23.631Z"}
{"level":"info","message":"Listen on port 3000","timestamp":"2018-12-06T08:52:37.420Z"}
{"level":"info","message":"Connected to mongodb://localhost/carogame...","timestamp":"2018-12-06T08:52:38.479Z"}
{"level":"info","message":"Listen on port 3000","timestamp":"2018-12-06T08:55:22.182Z"}
{"level":"info","message":"Connected to mongodb://localhost/carogame...","timestamp":"2018-12-06T08:55:23.246Z"}
{"level":"info","message":"Listen on port 3000","timestamp":"2018-12-06T09:02:57.623Z"}
{"level":"info","message":"Connected to mongodb://localhost/carogame...","timestamp":"2018-12-06T09:02:58.672Z"}
{"level":"info","message":"Listen on port 3000","timestamp":"2018-12-06T15:47:33.748Z"}
{"level":"info","message":"Listen on port 3000","timestamp":"2018-12-06T15:47:34.983Z"}
{"level":"info","message":"Connected to mongodb://localhost/carogame...","timestamp":"2018-12-06T15:47:36.025Z"}
{"level":"info","message":"Listen on port 3000","timestamp":"2018-12-06T15:50:39.313Z"}
{"level":"info","message":"Connected to mongodb://localhost/carogame...","timestamp":"2018-12-06T15:50:40.333Z"}
{"level":"info","message":"Listen on port 3000","timestamp":"2018-12-06T15:50:50.902Z"}
{"level":"info","message":"Connected to mongodb://localhost/carogame...","timestamp":"2018-12-06T15:50:51.957Z"}
{"level":"info","message":"Listen on port 3000","timestamp":"2018-12-06T17:06:05.456Z"}
{"level":"info","message":"Listen on port 3000","timestamp":"2018-12-06T17:06:06.669Z"}
{"level":"info","message":"Listen on port 3000","timestamp":"2018-12-08T07:42:20.399Z"}
{"level":"info","message":"Connected to mongodb://localhost/carogame...","timestamp":"2018-12-08T07:42:21.518Z"}
{"level":"info","message":"Listen on port 3000","timestamp":"2018-12-08T07:42:38.199Z"}
{"level":"info","message":"Connected to mongodb://localhost/carogame...","timestamp":"2018-12-08T07:42:39.225Z"}
{"level":"info","message":"Listen on port 3000","timestamp":"2018-12-08T07:42:49.849Z"}
{"level":"info","message":"Connected to mongodb://localhost/carogame...","timestamp":"2018-12-08T07:42:50.915Z"}
{"level":"info","message":"Listen on port 3000","timestamp":"2018-12-08T07:43:30.843Z"}
{"level":"info","message":"Connected to mongodb://localhost/carogame...","timestamp":"2018-12-08T07:43:31.883Z"}
{"level":"info","message":"Listen on port 3000","timestamp":"2018-12-08T07:43:35.964Z"}
{"level":"info","message":"Connected to mongodb://localhost/carogame...","timestamp":"2018-12-08T07:43:36.984Z"}
{"level":"info","message":"Listen on port 3000","timestamp":"2018-12-08T07:45:00.164Z"}
{"level":"info","message":"Connected to mongodb://localhost/carogame...","timestamp":"2018-12-08T07:45:01.233Z"}
{"level":"info","message":"Listen on port 3000","timestamp":"2018-12-08T08:46:35.108Z"}
{"level":"info","message":"Listen on port 3000","timestamp":"2018-12-08T08:46:36.288Z"}
{"level":"info","message":"Listen on port 3000","timestamp":"2018-12-19T14:36:46.818Z"}
{"level":"info","message":"Listen on port 3000","timestamp":"2018-12-19T14:36:47.975Z"}
{"level":"info","message":"Connected to mongodb://localhost/carogame...","timestamp":"2018-12-19T14:36:49.540Z"}
{"level":"info","message":"Listen on port 3000","timestamp":"2018-12-19T16:17:53.516Z"}
{"level":"info","message":"Listen on port 3000","timestamp":"2018-12-19T16:17:54.986Z"}
{"level":"info","message":"Connected to mongodb://localhost/carogame...","timestamp":"2018-12-19T16:17:56.040Z"}
{"level":"info","message":"Listen on port 3000","timestamp":"2018-12-19T16:18:29.111Z"}
{"level":"info","message":"Connected to mongodb://localhost/carogame...","timestamp":"2018-12-19T16:18:30.204Z"}
{"level":"info","message":"Listen on port 3000","timestamp":"2018-12-19T16:18:38.586Z"}
{"level":"info","message":"Connected to mongodb://localhost/carogame...","timestamp":"2018-12-19T16:18:39.662Z"}
{"level":"info","message":"Listen on port 3000","timestamp":"2018-12-19T16:18:44.585Z"}
{"level":"info","message":"Connected to mongodb://localhost/carogame...","timestamp":"2018-12-19T16:18:45.652Z"}
{"level":"info","message":"Listen on port 3000","timestamp":"2018-12-19T19:08:42.109Z"}
{"level":"info","message":"Listen on port 3000","timestamp":"2018-12-19T19:08:43.350Z"}
{"level":"info","message":"Listen on port 3000","timestamp":"2018-12-20T03:32:10.836Z"}
{"level":"info","message":"Connected to mongodb://localhost/carogame...","timestamp":"2018-12-20T03:32:11.981Z"}
{"level":"info","message":"Listen on port 3000","timestamp":"2018-12-20T04:48:44.307Z"}
{"level":"info","message":"Listen on port 3000","timestamp":"2018-12-20T04:48:45.900Z"}
{"level":"info","message":"Connected to mongodb://localhost/carogame...","timestamp":"2018-12-20T04:48:46.947Z"}
{"level":"info","message":"Listen on port 3000","timestamp":"2018-12-20T18:05:37.976Z"}
{"level":"info","message":"Connected to mongodb://localhost/carogame...","timestamp":"2018-12-20T18:05:39.036Z"}
{"level":"info","message":"Listen on port 3000","timestamp":"2018-12-20T18:05:44.362Z"}
{"level":"info","message":"Connected to mongodb://localhost/carogame...","timestamp":"2018-12-20T18:05:45.405Z"}
{"level":"info","message":"Listen on port 3000","timestamp":"2018-12-27T11:23:22.011Z"}
{"level":"info","message":"Listen on port 3000","timestamp":"2018-12-27T11:23:23.336Z"}
{"level":"info","message":"Connected to mongodb://localhost/carogame...","timestamp":"2018-12-27T11:23:24.896Z"}
{"level":"info","message":"Listen on port 3000","timestamp":"2018-12-27T11:26:58.367Z"}
{"level":"info","message":"Connected to mongodb://localhost/carogame...","timestamp":"2018-12-27T11:26:59.424Z"}
{"level":"info","message":"Listen on port 3000","timestamp":"2018-12-27T11:28:38.572Z"}
{"level":"info","message":"Connected to mongodb://localhost/carogame...","timestamp":"2018-12-27T11:28:39.615Z"}
{"level":"info","message":"Listen on port 3000","timestamp":"2018-12-27T11:30:16.732Z"}
{"level":"info","message":"Connected to mongodb://localhost/carogame...","timestamp":"2018-12-27T11:30:17.797Z"}
{"level":"info","message":"Listen on port 3000","timestamp":"2018-12-27T11:43:04.164Z"}
{"level":"info","message":"Connected to mongodb://localhost/carogame...","timestamp":"2018-12-27T11:43:05.224Z"}
{"level":"info","message":"Listen on port 3000","timestamp":"2018-12-28T05:55:54.807Z"}
{"level":"info","message":"Listen on port 3000","timestamp":"2018-12-28T05:55:56.081Z"}
{"level":"info","message":"Connected to mongodb://localhost/carogame...","timestamp":"2018-12-28T05:55:57.142Z"}
{"level":"info","message":"Listen on port 3000","timestamp":"2018-12-28T05:56:47.527Z"}
{"level":"info","message":"Connected to mongodb://localhost/carogame...","timestamp":"2018-12-28T05:56:48.589Z"}
{"level":"info","message":"Listen on port 3000","timestamp":"2018-12-28T05:57:58.786Z"}
{"level":"info","message":"Connected to mongodb://localhost/carogame...","timestamp":"2018-12-28T05:57:59.848Z"}
{"level":"info","message":"Listen on port 3000","timestamp":"2018-12-28T05:59:08.728Z"}
{"level":"info","message":"Connected to mongodb://localhost/carogame...","timestamp":"2018-12-28T05:59:09.792Z"}
{"level":"info","message":"Listen on port 3000","timestamp":"2018-12-28T06:04:48.885Z"}
{"level":"info","message":"Connected to mongodb://localhost/carogame...","timestamp":"2018-12-28T06:04:49.954Z"}
{"level":"info","message":"Listen on port 3000","timestamp":"2018-12-28T06:06:52.718Z"}
{"level":"info","message":"Connected to mongodb://localhost/carogame...","timestamp":"2018-12-28T06:06:53.796Z"}
{"code":"PUG:UNEXPECTED_TEXT","msg":"unexpected text \"{{sig\"","line":17,"column":11,"filename":"E:\\Code\\My_Project\\Pet Project\\CarogameOfficial\\caro-game\\views\\signup.pug"}
{"level":"info","message":"Listen on port 3000","timestamp":"2018-12-28T06:13:15.487Z"}
{"level":"info","message":"Connected to mongodb://localhost/carogame...","timestamp":"2018-12-28T06:13:16.555Z"}
{"level":"info","message":"Listen on port 3000","timestamp":"2018-12-28T06:13:27.384Z"}
{"level":"info","message":"Connected to mongodb://localhost/carogame...","timestamp":"2018-12-28T06:13:28.462Z"}
{"message":"User validation failed: username: Path `username` is required.","errors":{"username":{"message":"Path `username` is required.","name":"ValidatorError","properties":{"message":"Path `username` is required.","type":"required","path":"username"},"kind":"required","path":"username"}},"_message":"User validation failed","stack":"ValidationError: User validation failed: username: Path `username` is required.\n    at new ValidationError (E:\\Code\\My_Project\\Pet Project\\CarogameOfficial\\caro-game\\node_modules\\mongoose\\lib\\error\\validation.js:30:11)\n    at model.Document.invalidate (E:\\Code\\My_Project\\Pet Project\\CarogameOfficial\\caro-game\\node_modules\\mongoose\\lib\\document.js:2057:32)\n    at p.doValidate.skipSchemaValidators (E:\\Code\\My_Project\\Pet Project\\CarogameOfficial\\caro-game\\node_modules\\mongoose\\lib\\document.js:1920:17)\n    at E:\\Code\\My_Project\\Pet Project\\CarogameOfficial\\caro-game\\node_modules\\mongoose\\lib\\schematype.js:874:9\n    at _combinedTickCallback (internal/process/next_tick.js:131:7)\n    at process._tickCallback (internal/process/next_tick.js:180:9)","name":"ValidationError","level":"error","timestamp":"2018-12-28T06:14:41.401Z"}
{"message":"User validation failed: username: Path `username` is required.","errors":{"username":{"message":"Path `username` is required.","name":"ValidatorError","properties":{"message":"Path `username` is required.","type":"required","path":"username"},"kind":"required","path":"username"}},"_message":"User validation failed","stack":"ValidationError: User validation failed: username: Path `username` is required.\n    at new ValidationError (E:\\Code\\My_Project\\Pet Project\\CarogameOfficial\\caro-game\\node_modules\\mongoose\\lib\\error\\validation.js:30:11)\n    at model.Document.invalidate (E:\\Code\\My_Project\\Pet Project\\CarogameOfficial\\caro-game\\node_modules\\mongoose\\lib\\document.js:2057:32)\n    at p.doValidate.skipSchemaValidators (E:\\Code\\My_Project\\Pet Project\\CarogameOfficial\\caro-game\\node_modules\\mongoose\\lib\\document.js:1920:17)\n    at E:\\Code\\My_Project\\Pet Project\\CarogameOfficial\\caro-game\\node_modules\\mongoose\\lib\\schematype.js:874:9\n    at _combinedTickCallback (internal/process/next_tick.js:131:7)\n    at process._tickCallback (internal/process/next_tick.js:180:9)","name":"ValidationError","level":"error","timestamp":"2018-12-28T06:14:49.590Z"}
{"level":"info","message":"Listen on port 3000","timestamp":"2018-12-28T06:15:35.865Z"}
{"level":"info","message":"Connected to mongodb://localhost/carogame...","timestamp":"2018-12-28T06:15:36.926Z"}
{"message":"User validation failed: username: Path `username` is required.","errors":{"username":{"message":"Path `username` is required.","name":"ValidatorError","properties":{"message":"Path `username` is required.","type":"required","path":"username"},"kind":"required","path":"username"}},"_message":"User validation failed","stack":"ValidationError: User validation failed: username: Path `username` is required.\n    at new ValidationError (E:\\Code\\My_Project\\Pet Project\\CarogameOfficial\\caro-game\\node_modules\\mongoose\\lib\\error\\validation.js:30:11)\n    at model.Document.invalidate (E:\\Code\\My_Project\\Pet Project\\CarogameOfficial\\caro-game\\node_modules\\mongoose\\lib\\document.js:2057:32)\n    at p.doValidate.skipSchemaValidators (E:\\Code\\My_Project\\Pet Project\\CarogameOfficial\\caro-game\\node_modules\\mongoose\\lib\\document.js:1920:17)\n    at E:\\Code\\My_Project\\Pet Project\\CarogameOfficial\\caro-game\\node_modules\\mongoose\\lib\\schematype.js:874:9\n    at _combinedTickCallback (internal/process/next_tick.js:131:7)\n    at process._tickCallback (internal/process/next_tick.js:180:9)","name":"ValidationError","level":"error","timestamp":"2018-12-28T06:15:50.637Z"}
{"message":"User validation failed: username: Path `username` is required.","errors":{"username":{"message":"Path `username` is required.","name":"ValidatorError","properties":{"message":"Path `username` is required.","type":"required","path":"username"},"kind":"required","path":"username"}},"_message":"User validation failed","stack":"ValidationError: User validation failed: username: Path `username` is required.\n    at new ValidationError (E:\\Code\\My_Project\\Pet Project\\CarogameOfficial\\caro-game\\node_modules\\mongoose\\lib\\error\\validation.js:30:11)\n    at model.Document.invalidate (E:\\Code\\My_Project\\Pet Project\\CarogameOfficial\\caro-game\\node_modules\\mongoose\\lib\\document.js:2057:32)\n    at p.doValidate.skipSchemaValidators (E:\\Code\\My_Project\\Pet Project\\CarogameOfficial\\caro-game\\node_modules\\mongoose\\lib\\document.js:1920:17)\n    at E:\\Code\\My_Project\\Pet Project\\CarogameOfficial\\caro-game\\node_modules\\mongoose\\lib\\schematype.js:874:9\n    at _combinedTickCallback (internal/process/next_tick.js:131:7)\n    at process._tickCallback (internal/process/next_tick.js:180:9)","name":"ValidationError","level":"error","timestamp":"2018-12-28T06:17:01.867Z"}
{"level":"info","message":"Listen on port 3000","timestamp":"2018-12-28T06:17:03.129Z"}
{"level":"info","message":"Connected to mongodb://localhost/carogame...","timestamp":"2018-12-28T06:17:04.185Z"}
{"level":"info","message":"Listen on port 3000","timestamp":"2018-12-28T06:23:20.479Z"}
{"level":"info","message":"Connected to mongodb://localhost/carogame...","timestamp":"2018-12-28T06:23:21.553Z"}
{"level":"info","message":"Listen on port 3000","timestamp":"2018-12-28T06:26:59.902Z"}
{"level":"info","message":"Connected to mongodb://localhost/carogame...","timestamp":"2018-12-28T06:27:00.966Z"}
{"level":"info","message":"Listen on port 3000","timestamp":"2018-12-28T06:27:34.009Z"}
{"level":"info","message":"Connected to mongodb://localhost/carogame...","timestamp":"2018-12-28T06:27:35.074Z"}
{"level":"info","message":"Listen on port 3000","timestamp":"2018-12-28T06:31:07.546Z"}
{"level":"info","message":"Connected to mongodb://localhost/carogame...","timestamp":"2018-12-28T06:31:08.601Z"}
{"level":"info","message":"Listen on port 3000","timestamp":"2018-12-28T06:32:00.974Z"}
{"level":"info","message":"Connected to mongodb://localhost/carogame...","timestamp":"2018-12-28T06:32:02.047Z"}
{"level":"info","message":"Listen on port 3000","timestamp":"2018-12-28T06:32:14.977Z"}
{"level":"info","message":"Connected to mongodb://localhost/carogame...","timestamp":"2018-12-28T06:32:16.040Z"}
{"level":"info","message":"Listen on port 3000","timestamp":"2018-12-28T06:32:54.989Z"}
{"level":"info","message":"Connected to mongodb://localhost/carogame...","timestamp":"2018-12-28T06:32:56.049Z"}
{"level":"info","message":"Listen on port 3000","timestamp":"2018-12-28T06:34:00.157Z"}
{"level":"info","message":"Connected to mongodb://localhost/carogame...","timestamp":"2018-12-28T06:34:01.219Z"}
{"level":"info","message":"Listen on port 3000","timestamp":"2018-12-28T06:34:39.717Z"}
{"level":"info","message":"Connected to mongodb://localhost/carogame...","timestamp":"2018-12-28T06:34:41.048Z"}
{"level":"info","message":"Listen on port 3000","timestamp":"2018-12-28T06:35:12.833Z"}
{"level":"info","message":"Connected to mongodb://localhost/carogame...","timestamp":"2018-12-28T06:35:13.896Z"}
{"level":"info","message":"Listen on port 3000","timestamp":"2018-12-28T06:35:35.723Z"}
{"level":"info","message":"Connected to mongodb://localhost/carogame...","timestamp":"2018-12-28T06:35:36.788Z"}
{"level":"info","message":"Listen on port 3000","timestamp":"2018-12-28T06:35:40.910Z"}
{"level":"info","message":"Connected to mongodb://localhost/carogame...","timestamp":"2018-12-28T06:35:42.418Z"}
{"level":"info","message":"Listen on port 3000","timestamp":"2018-12-28T06:43:03.201Z"}
{"level":"info","message":"Connected to mongodb://localhost/carogame...","timestamp":"2018-12-28T06:43:04.269Z"}
{"message":"Can't set headers after they are sent.","stack":"Error: Can't set headers after they are sent.\n    at validateHeader (_http_outgoing.js:491:11)\n    at ServerResponse.setHeader (_http_outgoing.js:498:3)\n    at ServerResponse.header (E:\\Code\\My_Project\\Pet Project\\CarogameOfficial\\caro-game\\node_modules\\express\\lib\\response.js:767:10)\n    at router.post (E:\\Code\\My_Project\\Pet Project\\CarogameOfficial\\caro-game\\routes\\users.js:27:7)\n    at <anonymous>\n    at process._tickCallback (internal/process/next_tick.js:188:7)","level":"error","timestamp":"2018-12-28T06:43:56.531Z"}
{"level":"info","message":"Listen on port 3000","timestamp":"2018-12-28T06:45:50.334Z"}
{"level":"info","message":"Connected to mongodb://localhost/carogame...","timestamp":"2018-12-28T06:45:51.396Z"}
{"level":"info","message":"Listen on port 3000","timestamp":"2018-12-28T06:46:43.362Z"}
{"level":"info","message":"Connected to mongodb://localhost/carogame...","timestamp":"2018-12-28T06:46:44.407Z"}
{"level":"info","message":"Listen on port 3000","timestamp":"2018-12-28T06:59:58.379Z"}
{"level":"info","message":"Listen on port 3000","timestamp":"2018-12-28T06:59:59.587Z"}
{"level":"info","message":"Connected to mongodb://localhost/carogame...","timestamp":"2018-12-28T07:00:00.644Z"}
{"level":"info","message":"Listen on port 3000","timestamp":"2018-12-28T07:00:32.294Z"}
{"level":"info","message":"Connected to mongodb://localhost/carogame...","timestamp":"2018-12-28T07:00:33.348Z"}
{"level":"info","message":"Listen on port 3000","timestamp":"2018-12-28T07:01:05.855Z"}
{"level":"info","message":"Connected to mongodb://localhost/carogame...","timestamp":"2018-12-28T07:01:06.904Z"}
{"level":"info","message":"Listen on port 3000","timestamp":"2018-12-28T07:02:27.210Z"}
{"level":"info","message":"Connected to mongodb://localhost/carogame...","timestamp":"2018-12-28T07:02:28.274Z"}
{"level":"info","message":"Listen on port 3000","timestamp":"2018-12-28T07:02:42.142Z"}
{"level":"info","message":"Connected to mongodb://localhost/carogame...","timestamp":"2018-12-28T07:02:43.183Z"}
{"level":"info","message":"Listen on port 3000","timestamp":"2018-12-28T07:04:46.517Z"}
{"level":"info","message":"Connected to mongodb://localhost/carogame...","timestamp":"2018-12-28T07:04:47.570Z"}
{"level":"info","message":"Listen on port 3000","timestamp":"2018-12-28T07:05:07.215Z"}
{"level":"info","message":"Connected to mongodb://localhost/carogame...","timestamp":"2018-12-28T07:05:08.284Z"}
{"level":"info","message":"Listen on port 3000","timestamp":"2018-12-28T07:08:09.941Z"}
{"level":"info","message":"Connected to mongodb://localhost/carogame...","timestamp":"2018-12-28T07:08:10.998Z"}
{"level":"info","message":"Listen on port 3000","timestamp":"2018-12-28T07:09:38.096Z"}
{"level":"info","message":"Connected to mongodb://localhost/carogame...","timestamp":"2018-12-28T07:09:39.162Z"}
{"level":"info","message":"Listen on port 3000","timestamp":"2018-12-28T07:10:39.167Z"}
{"level":"info","message":"Connected to mongodb://localhost/carogame...","timestamp":"2018-12-28T07:10:40.233Z"}
{"level":"info","message":"Listen on port 3000","timestamp":"2018-12-28T07:11:31.435Z"}
{"level":"info","message":"Connected to mongodb://localhost/carogame...","timestamp":"2018-12-28T07:11:32.510Z"}
{"level":"info","message":"Listen on port 3000","timestamp":"2018-12-28T07:12:08.061Z"}
{"level":"info","message":"Connected to mongodb://localhost/carogame...","timestamp":"2018-12-28T07:12:09.117Z"}
{"level":"info","message":"Listen on port 3000","timestamp":"2018-12-28T07:12:26.757Z"}
{"level":"info","message":"Connected to mongodb://localhost/carogame...","timestamp":"2018-12-28T07:12:27.825Z"}
{"level":"info","message":"Listen on port 3000","timestamp":"2018-12-28T07:12:35.456Z"}
{"level":"info","message":"Connected to mongodb://localhost/carogame...","timestamp":"2018-12-28T07:12:36.518Z"}
{"level":"info","message":"Listen on port 3000","timestamp":"2018-12-28T07:13:07.958Z"}
{"level":"info","message":"Connected to mongodb://localhost/carogame...","timestamp":"2018-12-28T07:13:09.008Z"}
{"level":"info","message":"Listen on port 3000","timestamp":"2018-12-28T07:15:43.774Z"}
{"level":"info","message":"Connected to mongodb://localhost/carogame...","timestamp":"2018-12-28T07:15:44.823Z"}
{"level":"info","message":"Listen on port 3000","timestamp":"2018-12-28T07:27:03.039Z"}
{"level":"info","message":"Connected to mongodb://localhost/carogame...","timestamp":"2018-12-28T07:27:04.099Z"}
{"level":"info","message":"Listen on port 3000","timestamp":"2018-12-28T07:51:07.179Z"}
{"level":"info","message":"Connected to mongodb://localhost/carogame...","timestamp":"2018-12-28T07:51:08.255Z"}
